<?xml version="1.0" encoding="UTF-8" ?>
<testsuite tests="1" failures="0" name="driver_management.DriverMngmntApplicationTest" time="9.96" errors="0" skipped="0">
  <properties>
    <property name="java.runtime.name" value="Java(TM) SE Runtime Environment"/>
    <property name="ibm.signalhandling.rs" value="false"/>
    <property name="sun.boot.library.path" value="C:\ibm-java-sdk-80-winx86_64\sdk\jre\bin\compressedrefs;C:\ibm-java-sdk-80-winx86_64\sdk\jre\bin"/>
    <property name="java.vm.version" value="2.9"/>
    <property name="com.ibm.oti.configuration" value="scar"/>
    <property name="java.vm.vendor" value="IBM Corporation"/>
    <property name="maven.multiModuleProjectDirectory" value="C:\Ignite\pactpoc\driver_management"/>
    <property name="java.vendor.url" value="http://www.ibm.com/"/>
    <property name="path.separator" value=";"/>
    <property name="guice.disable.misplaced.annotation.check" value="true"/>
    <property name="java.vm.name" value="IBM J9 VM"/>
    <property name="file.encoding.pkg" value="sun.io"/>
    <property name="user.country" value="US"/>
    <property name="sun.java.launcher" value="SUN_STANDARD"/>
    <property name="java.vm.specification.name" value="Java Virtual Machine Specification"/>
    <property name="user.dir" value="C:\Ignite\pactpoc\driver_management"/>
    <property name="java.runtime.version" value="8.0.5.0 - pwa6480sr5-20170905_01(SR5)"/>
    <property name="java.fullversion" value="8.0.5.0 - pwa6480sr5-20170905_01(SR5)
JRE 1.8.0 IBM J9 2.9 Windows 7 amd64-64 Compressed References 20170901_363591 (JIT enabled, AOT enabled)
J9VM - d56eb84
JIT  - tr.open_20170901_140853_d56eb84
OMR  - b033a01"/>
    <property name="java.awt.graphicsenv" value="sun.awt.Win32GraphicsEnvironment"/>
    <property name="java.endorsed.dirs" value="C:\ibm-java-sdk-80-winx86_64\sdk\jre\lib\endorsed"/>
    <property name="os.arch" value="amd64"/>
    <property name="com.ibm.vm.bitmode" value="64"/>
    <property name="java.io.tmpdir" value="C:\Users\IBM_AD~1\AppData\Local\Temp\"/>
    <property name="com.ibm.system.agent.path" value="C:\ibm-java-sdk-80-winx86_64\sdk\jre\bin"/>
    <property name="com.ibm.util.extralibs.properties" value=""/>
    <property name="line.separator" value="
"/>
    <property name="java.vm.specification.vendor" value="Oracle Corporation"/>
    <property name="user.variant" value=""/>
    <property name="java.awt.fonts" value=""/>
    <property name="os.name" value="Windows 7"/>
    <property name="classworlds.conf" value="C:\Ignite\pactpoc\.metadata\.plugins\org.eclipse.m2e.launching\launches\m2conf8979180543943572050.tmp"/>
    <property name="sun.jnu.encoding" value="Cp1252"/>
    <property name="java.library.path" value="C:\ibm-java-sdk-80-winx86_64\sdk\jre\bin\compressedrefs;C:\ibm-java-sdk-80-winx86_64\sdk\jre\bin;C:\windows\system32;C:\windows;C:/ibm-java-sdk-80-winx86_64/sdk/bin/../jre/bin/j9vm;C:/ibm-java-sdk-80-winx86_64/sdk/bin/../jre/bin;C:/ibm-java-sdk-80-winx86_64/sdk/bin/../jre/lib/amd64;C:\windows\system32;C:\windows;C:\windows\system32\wbem;C:\windows\system32\windowspowershell\v1.0\;c:\program files (x86)\ibm\personal communications\;c:\program files (x86)\ibm\trace facility\;c:\program files (x86)\ibm\mobility client\;c:\program files\ibm\gsk8\lib64;C:\PROGRA~1\IBM\SQLLIB\BIN;C:\PROGRA~1\IBM\SQLLIB\FUNCTION;C:\PROGRA~1\IBM\SQLLIB\SAMPLES\REPL; C:\apache-maven-3.3.9\bin;C:\DevOpps\sonar\sonar\SONAR_HOME\bin\windows-x86-64;C:\DevOpps\sonar\sonar\SONAR_RUNNER_HOME\bin;C:\Program Files\nodejs\;C:\Program Files\IBM\Bluemix\bin;C:\Program Files\Git\cmd;C:\Users\IBM_ADMIN\AppData\Roaming\Cloud Foundry;C:\Program Files\kubectl;C:\ibm-java-sdk-80-winx86_64\sdk\bin;C:\apache-maven-3.3.9\bin;C:\Users\IBM_ADMIN\AppData\Roaming\npm;C:\Program Files\Docker Toolbox;C:\Software\eclipse;;."/>
    <property name="com.ibm.oti.vm.bootstrap.library.path" value="C:\ibm-java-sdk-80-winx86_64\sdk\jre\bin\compressedrefs;C:\ibm-java-sdk-80-winx86_64\sdk\jre\bin"/>
    <property name="java.class.version" value="52.0"/>
    <property name="java.specification.name" value="Java Platform API Specification"/>
    <property name="com.ibm.cpu.endian" value="little"/>
    <property name="ibm.system.encoding" value="Cp1252"/>
    <property name="os.version" value="6.1"/>
    <property name="com.ibm.oti.vm.library.version" value="29"/>
    <property name="com.ibm.jcl.checkClassPath" value=""/>
    <property name="user.home" value="C:\Users\IBM_ADMIN"/>
    <property name="user.timezone" value="Asia/Calcutta"/>
    <property name="java.awt.printerjob" value="sun.awt.windows.WPrinterJob"/>
    <property name="java.specification.version" value="1.8"/>
    <property name="file.encoding" value="Cp1252"/>
    <property name="java.class.path" value="/C:/Software/eclipse/plugins/org.eclipse.m2e.maven.runtime_1.6.2.20150902-0001/jars/plexus-classworlds-2.5.2.jar"/>
    <property name="user.name" value="Rekha"/>
    <property name="com.ibm.oti.shared.enabled" value="false"/>
    <property name="java.vm.specification.version" value="1.8"/>
    <property name="java.home" value="C:\ibm-java-sdk-80-winx86_64\sdk\jre"/>
    <property name="sun.java.command" value="org.codehaus.plexus.classworlds.launcher.Launcher -B -s C:\apache-maven-3.3.9\conf\settings.xml install"/>
    <property name="sun.arch.data.model" value="64"/>
    <property name="java.specification.vendor" value="Oracle Corporation"/>
    <property name="ibm.signalhandling.sigint" value="true"/>
    <property name="user.language" value="en"/>
    <property name="os.encoding" value="UTF8"/>
    <property name="awt.toolkit" value="sun.awt.windows.WToolkit"/>
    <property name="java.vm.info" value="JRE 1.8.0 Windows 7 amd64-64 Compressed References 20170901_363591 (JIT enabled, AOT enabled)
J9VM - d56eb84
JIT  - tr.open_20170901_140853_d56eb84
OMR  - b033a01"/>
    <property name="java.version" value="1.8.0_144"/>
    <property name="java.ext.dirs" value="C:\ibm-java-sdk-80-winx86_64\sdk\jre\lib\ext"/>
    <property name="sun.boot.class.path" value="C:\ibm-java-sdk-80-winx86_64\sdk\jre\bin\compressedrefs\jclSC180\vm.jar;C:\ibm-java-sdk-80-winx86_64\sdk\jre\lib\se-service.jar;C:\ibm-java-sdk-80-winx86_64\sdk\jre\lib\cuda4j.jar;C:\ibm-java-sdk-80-winx86_64\sdk\jre\lib\math.jar;C:\ibm-java-sdk-80-winx86_64\sdk\jre\lib\ibmorb.jar;C:\ibm-java-sdk-80-winx86_64\sdk\jre\lib\ibmorbapi.jar;C:\ibm-java-sdk-80-winx86_64\sdk\jre\lib\ibmcfw.jar;C:\ibm-java-sdk-80-winx86_64\sdk\jre\lib\ibmpkcs.jar;C:\ibm-java-sdk-80-winx86_64\sdk\jre\lib\ibmcertpathfw.jar;C:\ibm-java-sdk-80-winx86_64\sdk\jre\lib\ibmjgssfw.jar;C:\ibm-java-sdk-80-winx86_64\sdk\jre\lib\ibmjssefw.jar;C:\ibm-java-sdk-80-winx86_64\sdk\jre\lib\ibmsaslfw.jar;C:\ibm-java-sdk-80-winx86_64\sdk\jre\lib\ibmjcefw.jar;C:\ibm-java-sdk-80-winx86_64\sdk\jre\lib\ibmjgssprovider.jar;C:\ibm-java-sdk-80-winx86_64\sdk\jre\lib\ibmjsseprovider2.jar;C:\ibm-java-sdk-80-winx86_64\sdk\jre\lib\ibmcertpathprovider.jar;C:\ibm-java-sdk-80-winx86_64\sdk\jre\lib\xmldsigfw.jar;C:\ibm-java-sdk-80-winx86_64\sdk\jre\lib\xml.jar;C:\ibm-java-sdk-80-winx86_64\sdk\jre\lib\charsets.jar;C:\ibm-java-sdk-80-winx86_64\sdk\jre\lib\resources.jar;C:\ibm-java-sdk-80-winx86_64\sdk\jre\lib\rt.jar;C:\ibm-java-sdk-80-winx86_64\sdk\jre\lib\dataaccess.jar"/>
    <property name="java.vendor" value="IBM Corporation"/>
    <property name="maven.home" value="C:\Ignite\pactpoc\driver_management\EMBEDDED"/>
    <property name="file.separator" value="\"/>
    <property name="java.compiler" value="j9jit29"/>
    <property name="sun.io.unicode.encoding" value="UnicodeLittle"/>
    <property name="sun.cpu.endian" value="little"/>
    <property name="com.ibm.zero.version" value="2"/>
    <property name="ibm.signalhandling.sigchain" value="true"/>
    <property name="sun.desktop" value="windows"/>
  </properties>
  <testcase classname="driver_management.DriverMngmntApplicationTest" name="contextLoads" time="9.96"/>
</testsuite>