<?xml version="1.0" encoding="UTF-8"?>
<testsuite name="com.pact.uberoff.test.UberOfficeApplicationTest" time="12.924" tests="1" errors="0" skipped="0" failures="0">
  <properties>
    <property name="java.vendor" value="IBM Corporation"/>
    <property name="sun.java.launcher" value="SUN_STANDARD"/>
    <property name="os.name" value="Windows 7"/>
    <property name="sun.boot.class.path" value="C:\ibm-java-sdk-80-winx86_64\sdk\jre\bin\compressedrefs\jclSC180\vm.jar;C:\ibm-java-sdk-80-winx86_64\sdk\jre\lib\se-service.jar;C:\ibm-java-sdk-80-winx86_64\sdk\jre\lib\cuda4j.jar;C:\ibm-java-sdk-80-winx86_64\sdk\jre\lib\math.jar;C:\ibm-java-sdk-80-winx86_64\sdk\jre\lib\ibmorb.jar;C:\ibm-java-sdk-80-winx86_64\sdk\jre\lib\ibmorbapi.jar;C:\ibm-java-sdk-80-winx86_64\sdk\jre\lib\ibmcfw.jar;C:\ibm-java-sdk-80-winx86_64\sdk\jre\lib\ibmpkcs.jar;C:\ibm-java-sdk-80-winx86_64\sdk\jre\lib\ibmcertpathfw.jar;C:\ibm-java-sdk-80-winx86_64\sdk\jre\lib\ibmjgssfw.jar;C:\ibm-java-sdk-80-winx86_64\sdk\jre\lib\ibmjssefw.jar;C:\ibm-java-sdk-80-winx86_64\sdk\jre\lib\ibmsaslfw.jar;C:\ibm-java-sdk-80-winx86_64\sdk\jre\lib\ibmjcefw.jar;C:\ibm-java-sdk-80-winx86_64\sdk\jre\lib\ibmjgssprovider.jar;C:\ibm-java-sdk-80-winx86_64\sdk\jre\lib\ibmjsseprovider2.jar;C:\ibm-java-sdk-80-winx86_64\sdk\jre\lib\ibmcertpathprovider.jar;C:\ibm-java-sdk-80-winx86_64\sdk\jre\lib\xmldsigfw.jar;C:\ibm-java-sdk-80-winx86_64\sdk\jre\lib\xml.jar;C:\ibm-java-sdk-80-winx86_64\sdk\jre\lib\charsets.jar;C:\ibm-java-sdk-80-winx86_64\sdk\jre\lib\resources.jar;C:\ibm-java-sdk-80-winx86_64\sdk\jre\lib\rt.jar;C:\ibm-java-sdk-80-winx86_64\sdk\jre\lib\dataaccess.jar"/>
    <property name="sun.desktop" value="windows"/>
    <property name="java.vm.specification.vendor" value="Oracle Corporation"/>
    <property name="java.runtime.version" value="8.0.5.0 - pwa6480sr5-20170905_01(SR5)"/>
    <property name="user.name" value="Rekha"/>
    <property name="java.compiler" value="j9jit29"/>
    <property name="os.encoding" value="UTF8"/>
    <property name="guice.disable.misplaced.annotation.check" value="true"/>
    <property name="com.ibm.util.extralibs.properties" value=""/>
    <property name="com.ibm.jcl.checkClassPath" value=""/>
    <property name="user.language" value="en"/>
    <property name="com.ibm.oti.vm.bootstrap.library.path" value="C:\ibm-java-sdk-80-winx86_64\sdk\jre\bin\compressedrefs;C:\ibm-java-sdk-80-winx86_64\sdk\jre\bin"/>
    <property name="sun.boot.library.path" value="C:\ibm-java-sdk-80-winx86_64\sdk\jre\bin\compressedrefs;C:\ibm-java-sdk-80-winx86_64\sdk\jre\bin"/>
    <property name="classworlds.conf" value="C:\apache-maven-3.3.9\bin\m2.conf"/>
    <property name="jsonArgs" value="phoneno:9739849842L;location:Domalur;name:Tom;incentiveBool:true;tripDate:28/12/2017;datetripturn:Fourth"/>
    <property name="java.version" value="1.8.0_144"/>
    <property name="user.timezone" value="Asia/Calcutta"/>
    <property name="com.ibm.system.agent.path" value="C:\ibm-java-sdk-80-winx86_64\sdk\jre\bin"/>
    <property name="sun.arch.data.model" value="64"/>
    <property name="com.ibm.zero.version" value="2"/>
    <property name="java.endorsed.dirs" value="C:\ibm-java-sdk-80-winx86_64\sdk\jre\lib\endorsed"/>
    <property name="com.ibm.oti.vm.library.version" value="29"/>
    <property name="sun.jnu.encoding" value="Cp1252"/>
    <property name="file.encoding.pkg" value="sun.io"/>
    <property name="file.separator" value="\"/>
    <property name="java.specification.name" value="Java Platform API Specification"/>
    <property name="java.class.version" value="52.0"/>
    <property name="user.country" value="US"/>
    <property name="java.home" value="C:\ibm-java-sdk-80-winx86_64\sdk\jre"/>
    <property name="java.vm.info" value="JRE 1.8.0 Windows 7 amd64-64 Compressed References 20170901_363591 (JIT enabled, AOT enabled)&#10;J9VM - d56eb84&#10;JIT  - tr.open_20170901_140853_d56eb84&#10;OMR  - b033a01"/>
    <property name="os.version" value="6.1"/>
    <property name="java.awt.fonts" value=""/>
    <property name="path.separator" value=";"/>
    <property name="java.vm.version" value="2.9"/>
    <property name="user.variant" value=""/>
    <property name="console.encoding" value="Cp437"/>
    <property name="java.awt.printerjob" value="sun.awt.windows.WPrinterJob"/>
    <property name="sun.io.unicode.encoding" value="UnicodeLittle"/>
    <property name="awt.toolkit" value="sun.awt.windows.WToolkit"/>
    <property name="ibm.signalhandling.sigint" value="true"/>
    <property name="reqmethod" value="GET"/>
    <property name="user.home" value="C:\Users\IBM_ADMIN"/>
    <property name="com.ibm.cpu.endian" value="little"/>
    <property name="java.specification.vendor" value="Oracle Corporation"/>
    <property name="ibm.signalhandling.sigchain" value="true"/>
    <property name="java.library.path" value="C:\ibm-java-sdk-80-winx86_64\sdk\jre\bin\compressedrefs;C:\ibm-java-sdk-80-winx86_64\sdk\jre\bin;C:\windows\system32;C:\windows;C:\windows\system32;C:\windows;C:\windows\system32\wbem;C:\windows\system32\windowspowershell\v1.0\;c:\program files (x86)\ibm\personal communications\;c:\program files (x86)\ibm\trace facility\;c:\program files (x86)\ibm\mobility client\;c:\program files\ibm\gsk8\lib64;C:\PROGRA~1\IBM\SQLLIB\BIN;C:\PROGRA~1\IBM\SQLLIB\FUNCTION;C:\PROGRA~1\IBM\SQLLIB\SAMPLES\REPL; C:\apache-maven-3.3.9\bin;C:\DevOpps\sonar\sonar\SONAR_HOME\bin\windows-x86-64;C:\DevOpps\sonar\sonar\SONAR_RUNNER_HOME\bin;C:\Program Files\nodejs\;C:\Program Files\IBM\Bluemix\bin;C:\Program Files\Git\cmd;C:\Users\IBM_ADMIN\AppData\Roaming\Cloud Foundry;C:\Program Files\kubectl;C:\ibm-java-sdk-80-winx86_64\sdk\bin;C:\apache-maven-3.3.9\bin;C:\Users\IBM_ADMIN\AppData\Roaming\npm;C:\Program Files\Docker Toolbox;."/>
    <property name="java.vendor.url" value="http://www.ibm.com/"/>
    <property name="java.vm.vendor" value="IBM Corporation"/>
    <property name="java.fullversion" value="8.0.5.0 - pwa6480sr5-20170905_01(SR5)&#10;JRE 1.8.0 IBM J9 2.9 Windows 7 amd64-64 Compressed References 20170901_363591 (JIT enabled, AOT enabled)&#10;J9VM - d56eb84&#10;JIT  - tr.open_20170901_140853_d56eb84&#10;OMR  - b033a01"/>
    <property name="maven.home" value="C:\apache-maven-3.3.9"/>
    <property name="java.runtime.name" value="Java(TM) SE Runtime Environment"/>
    <property name="sun.java.command" value="org.codehaus.plexus.classworlds.launcher.Launcher clean test -DjsonArgs=phoneno:9739849842L;location:Domalur;name:Tom;incentiveBool:true;tripDate:28/12/2017;datetripturn:Fourth -Dserviceurl=/driver-details -Dreqmethod=GET"/>
    <property name="java.class.path" value="C:\apache-maven-3.3.9\boot\plexus-classworlds-2.5.2.jar"/>
    <property name="java.vm.specification.name" value="Java Virtual Machine Specification"/>
    <property name="java.vm.specification.version" value="1.8"/>
    <property name="sun.cpu.endian" value="little"/>
    <property name="java.io.tmpdir" value="C:\Users\IBM_AD~1\AppData\Local\Temp\"/>
    <property name="maven.multiModuleProjectDirectory" value="C:\Ignite\pactpoc\uber-management"/>
    <property name="ibm.system.encoding" value="Cp1252"/>
    <property name="os.arch" value="amd64"/>
    <property name="java.awt.graphicsenv" value="sun.awt.Win32GraphicsEnvironment"/>
    <property name="ibm.signalhandling.rs" value="false"/>
    <property name="java.ext.dirs" value="C:\ibm-java-sdk-80-winx86_64\sdk\jre\lib\ext"/>
    <property name="user.dir" value="C:\Ignite\pactpoc\uber-management"/>
    <property name="line.separator" value="&#10;"/>
    <property name="java.vm.name" value="IBM J9 VM"/>
    <property name="com.ibm.oti.shared.enabled" value="false"/>
    <property name="com.ibm.vm.bitmode" value="64"/>
    <property name="serviceurl" value="/driver-details"/>
    <property name="file.encoding" value="Cp1252"/>
    <property name="com.ibm.oti.configuration" value="scar"/>
    <property name="java.specification.version" value="1.8"/>
  </properties>
  <testcase name="contextLoads" classname="com.pact.uberoff.test.UberOfficeApplicationTest" time="12.924"/>
</testsuite>